0 info it worked if it ends with ok
1 verbose cli [ '/usr/local/bin/node', '/usr/local/bin/npm', 'run', 'start' ]
2 info using npm@3.7.3
3 info using node@v5.8.0
4 verbose run-script [ 'prestart', 'start', 'poststart' ]
5 info lifecycle project-three-backends@1.0.0~prestart: project-three-backends@1.0.0
6 silly lifecycle project-three-backends@1.0.0~prestart: no script for prestart, continuing
7 info lifecycle project-three-backends@1.0.0~start: project-three-backends@1.0.0
8 verbose lifecycle project-three-backends@1.0.0~start: unsafe-perm in lifecycle true
9 verbose lifecycle project-three-backends@1.0.0~start: PATH: /usr/local/lib/node_modules/npm/bin/node-gyp-bin:/Users/ry2thery/project-three-backend/node_modules/.bin:/usr/local/bin:/Users/ry2thery/.rbenv/bin:/Users/ry2thery/.rbenv/shims:/usr/bin:/bin:/usr/sbin:/sbin:/usr/local/bin:/Applications/Postgres.app/Contents/Versions/9.5/bin
10 verbose lifecycle project-three-backends@1.0.0~start: CWD: /Users/ry2thery/project-three-backend
11 silly lifecycle project-three-backends@1.0.0~start: Args: [ '-c', 'node index.js' ]
12 silly lifecycle project-three-backends@1.0.0~start: Returned: code: 1  signal: null
13 info lifecycle project-three-backends@1.0.0~start: Failed to exec start script
14 verbose stack Error: project-three-backends@1.0.0 start: `node index.js`
14 verbose stack Exit status 1
14 verbose stack     at EventEmitter.<anonymous> (/usr/local/lib/node_modules/npm/lib/utils/lifecycle.js:239:16)
14 verbose stack     at emitTwo (events.js:100:13)
14 verbose stack     at EventEmitter.emit (events.js:185:7)
14 verbose stack     at ChildProcess.<anonymous> (/usr/local/lib/node_modules/npm/lib/utils/spawn.js:24:14)
14 verbose stack     at emitTwo (events.js:100:13)
14 verbose stack     at ChildProcess.emit (events.js:185:7)
14 verbose stack     at maybeClose (internal/child_process.js:850:16)
14 verbose stack     at Process.ChildProcess._handle.onexit (internal/child_process.js:215:5)
15 verbose pkgid project-three-backends@1.0.0
16 verbose cwd /Users/ry2thery/project-three-backend
17 error Darwin 15.3.0
18 error argv "/usr/local/bin/node" "/usr/local/bin/npm" "run" "start"
19 error node v5.8.0
20 error npm  v3.7.3
21 error code ELIFECYCLE
22 error project-three-backends@1.0.0 start: `node index.js`
22 error Exit status 1
23 error Failed at the project-three-backends@1.0.0 start script 'node index.js'.
23 error Make sure you have the latest version of node.js and npm installed.
23 error If you do, this is most likely a problem with the project-three-backends package,
23 error not with npm itself.
23 error Tell the author that this fails on your system:
23 error     node index.js
23 error You can get information on how to open an issue for this project with:
23 error     npm bugs project-three-backends
23 error Or if that isn't available, you can get their info via:
23 error     npm owner ls project-three-backends
23 error There is likely additional logging output above.
24 verbose exit [ 1, true ]
